<?xml version="1.0" encoding="UTF-8"?>
<testsuite name="com.kazurayam.ks.testcase.ScriptsAccessorTest" tests="2" skipped="0" failures="0" errors="0" timestamp="2025-04-12T23:15:19" hostname="KAZUAKInoMacBook-Air-2.local" time="0.067">
  <properties/>
  <testcase name="test_getGroovyFiles_include_all" classname="com.kazurayam.ks.testcase.ScriptsAccessorTest" time="0.051"/>
  <testcase name="test_getGroovyFiles_include_demo_and_main" classname="com.kazurayam.ks.testcase.ScriptsAccessorTest" time="0.016"/>
  <system-out><![CDATA[]]></system-out>
  <system-err><![CDATA[]]></system-err>
</testsuite>
