<?xml version="1.0" encoding="UTF-8"?>
<testsuite name="com.kazurayam.ks.testobject.gc.ObjectRepositoryGarbageCollectorTest" tests="8" skipped="0" failures="0" errors="0" timestamp="2025-04-14T10:12:18" hostname="KAZUAKInoMacBook-Air-2.local" time="0.379">
  <properties/>
  <testcase name="jsonifyLocatorIndex_with_pattern" classname="com.kazurayam.ks.testobject.gc.ObjectRepositoryGarbageCollectorTest" time="0.038"/>
  <testcase name="test_db" classname="com.kazurayam.ks.testobject.gc.ObjectRepositoryGarbageCollectorTest" time="0.011"/>
  <testcase name="test_getBackwardReferences" classname="com.kazurayam.ks.testobject.gc.ObjectRepositoryGarbageCollectorTest" time="0.015"/>
  <testcase name="test_getGarbages" classname="com.kazurayam.ks.testobject.gc.ObjectRepositoryGarbageCollectorTest" time="0.057"/>
  <testcase name="test_getLocatorIndex_with_pattern" classname="com.kazurayam.ks.testobject.gc.ObjectRepositoryGarbageCollectorTest" time="0.038"/>
  <testcase name="test_jsonifyBackwardReferences" classname="com.kazurayam.ks.testobject.gc.ObjectRepositoryGarbageCollectorTest" time="0.069"/>
  <testcase name="test_jsonifyDatabase" classname="com.kazurayam.ks.testobject.gc.ObjectRepositoryGarbageCollectorTest" time="0.01"/>
  <testcase name="test_jsonifyGarbages" classname="com.kazurayam.ks.testobject.gc.ObjectRepositoryGarbageCollectorTest" time="0.14"/>
  <system-out><![CDATA[]]></system-out>
  <system-err><![CDATA[]]></system-err>
</testsuite>
