<?xml version="1.0" encoding="UTF-8"?>
<testsuite name="com.kazurayam.ks.testobject.TestObjectIdTest" tests="2" skipped="0" failures="0" errors="0" timestamp="2025-04-14T10:12:18" hostname="KAZUAKInoMacBook-Air-2.local" time="0.006">
  <properties/>
  <testcase name="test_toJson" classname="com.kazurayam.ks.testobject.TestObjectIdTest" time="0.006"/>
  <testcase name="test_value" classname="com.kazurayam.ks.testobject.TestObjectIdTest" time="0.0"/>
  <system-out><![CDATA[]]></system-out>
  <system-err><![CDATA[]]></system-err>
</testsuite>
