<?xml version="1.0" encoding="UTF-8"?>
<testsuite name="com.kazurayam.ks.testobject.TestObjectEssenceTest" tests="5" skipped="0" failures="0" errors="0" timestamp="2025-04-14T10:12:18" hostname="KAZUAKInoMacBook-Air-2.local" time="0.012">
  <properties/>
  <testcase name="test_locator" classname="com.kazurayam.ks.testobject.TestObjectEssenceTest" time="0.003"/>
  <testcase name="test_method" classname="com.kazurayam.ks.testobject.TestObjectEssenceTest" time="0.0"/>
  <testcase name="test_toJson" classname="com.kazurayam.ks.testobject.TestObjectEssenceTest" time="0.006"/>
  <testcase name="test_testObjectId" classname="com.kazurayam.ks.testobject.TestObjectEssenceTest" time="0.001"/>
  <testcase name="test_toString" classname="com.kazurayam.ks.testobject.TestObjectEssenceTest" time="0.002"/>
  <system-out><![CDATA[********** TestObjectEssenceTest#toString **********
{"TestObjectId":"testObjectX","Method":"BASIC","Locator":"//div[@id=\"main\"]"}
]]></system-out>
  <system-err><![CDATA[]]></system-err>
</testsuite>
