<?xml version="1.0" encoding="UTF-8"?>
<testsuite name="com.kazurayam.ks.testcase.ScriptsDecoratorTest" tests="2" skipped="0" failures="0" errors="0" timestamp="2025-04-12T23:15:20" hostname="KAZUAKInoMacBook-Air-2.local" time="0.07">
  <properties/>
  <testcase name="test_getGroovyFile_include_all" classname="com.kazurayam.ks.testcase.ScriptsDecoratorTest" time="0.047"/>
  <testcase name="test_getGroovyFile_include_main_only" classname="com.kazurayam.ks.testcase.ScriptsDecoratorTest" time="0.022"/>
  <system-out><![CDATA[]]></system-out>
  <system-err><![CDATA[]]></system-err>
</testsuite>
