<?xml version="1.0" encoding="UTF-8"?>
<testsuite name="com.kazurayam.ks.testcase.ScriptsAccessorTest" tests="2" skipped="0" failures="0" errors="0" timestamp="2025-04-14T10:12:16" hostname="KAZUAKInoMacBook-Air-2.local" time="0.126">
  <properties/>
  <testcase name="test_getGroovyFiles_include_all" classname="com.kazurayam.ks.testcase.ScriptsAccessorTest" time="0.113"/>
  <testcase name="test_getGroovyFiles_include_demo_and_main" classname="com.kazurayam.ks.testcase.ScriptsAccessorTest" time="0.013"/>
  <system-out><![CDATA[]]></system-out>
  <system-err><![CDATA[SLF4J(W): Class path contains multiple SLF4J providers.
SLF4J(W): Found provider [org.slf4j.jul.JULServiceProvider@497aec8c]
SLF4J(W): Found provider [org.slf4j.simple.SimpleServiceProvider@3b9632d1]
SLF4J(W): See https://www.slf4j.org/codes.html#multiple_bindings for an explanation.
SLF4J(I): Actual provider is of type [org.slf4j.jul.JULServiceProvider@497aec8c]
]]></system-err>
</testsuite>
