<?xml version="1.0" encoding="UTF-8"?>
<testsuite name="com.kazurayam.ks.testobject.LocatorTest" tests="2" skipped="0" failures="0" errors="0" timestamp="2025-04-12T23:15:20" hostname="KAZUAKInoMacBook-Air-2.local" time="0.009">
  <properties/>
  <testcase name="test_toJson" classname="com.kazurayam.ks.testobject.LocatorTest" time="0.008"/>
  <testcase name="test_value" classname="com.kazurayam.ks.testobject.LocatorTest" time="0.0"/>
  <system-out><![CDATA[]]></system-out>
  <system-err><![CDATA[]]></system-err>
</testsuite>
