<?xml version="1.0" encoding="UTF-8"?>
<testsuite name="com.kazurayam.ks.testcase.DigestedLineTest" tests="2" skipped="0" failures="0" errors="0" timestamp="2025-04-12T23:15:19" hostname="KAZUAKInoMacBook-Air-2.local" time="0.037">
  <properties/>
  <testcase name="test_toJson" classname="com.kazurayam.ks.testcase.DigestedLineTest" time="0.03"/>
  <testcase name="test_smoke" classname="com.kazurayam.ks.testcase.DigestedLineTest" time="0.007"/>
  <system-out><![CDATA[]]></system-out>
  <system-err><![CDATA[]]></system-err>
</testsuite>
