<?xml version="1.0" encoding="UTF-8"?>
<testsuite name="com.kazurayam.ks.testobject.ObjectRepositoryDecoratorTest" tests="15" skipped="0" failures="0" errors="0" timestamp="2025-04-14T10:12:17" hostname="KAZUAKInoMacBook-Air-2.local" time="0.724">
  <properties/>
  <testcase name="test_getAllTestObjectIdSet" classname="com.kazurayam.ks.testobject.ObjectRepositoryDecoratorTest" time="0.119"/>
  <testcase name="test_getLocatorIndex" classname="com.kazurayam.ks.testobject.ObjectRepositoryDecoratorTest" time="0.091"/>
  <testcase name="test_getLocatorIndex_with_pattern" classname="com.kazurayam.ks.testobject.ObjectRepositoryDecoratorTest" time="0.07"/>
  <testcase name="test_getTestObjectEssenceList" classname="com.kazurayam.ks.testobject.ObjectRepositoryDecoratorTest" time="0.081"/>
  <testcase name="test_getTestObjectEssenceList_filterByRegex" classname="com.kazurayam.ks.testobject.ObjectRepositoryDecoratorTest" time="0.09"/>
  <testcase name="test_getTestObjectIdList" classname="com.kazurayam.ks.testobject.ObjectRepositoryDecoratorTest" time="0.003"/>
  <testcase name="test_getTestObjectIdList_filterByRegex" classname="com.kazurayam.ks.testobject.ObjectRepositoryDecoratorTest" time="0.003"/>
  <testcase name="test_getTestObjectIdList_filterByString" classname="com.kazurayam.ks.testobject.ObjectRepositoryDecoratorTest" time="0.004"/>
  <testcase name="test_jsonifyLocatorIndex" classname="com.kazurayam.ks.testobject.ObjectRepositoryDecoratorTest" time="0.092"/>
  <testcase name="test_jsonifyTestObjectEssenceList" classname="com.kazurayam.ks.testobject.ObjectRepositoryDecoratorTest" time="0.076"/>
  <testcase name="test_jsonifyTestObjectEssenceList_filterByRegex" classname="com.kazurayam.ks.testobject.ObjectRepositoryDecoratorTest" time="0.069"/>
  <testcase name="test_jsonifyTestObjectIdList" classname="com.kazurayam.ks.testobject.ObjectRepositoryDecoratorTest" time="0.008"/>
  <testcase name="test_jsonifyTestObjectIdList_filterByRegex" classname="com.kazurayam.ks.testobject.ObjectRepositoryDecoratorTest" time="0.008"/>
  <testcase name="test_jsonifyTestObjectIdList_filterByString" classname="com.kazurayam.ks.testobject.ObjectRepositoryDecoratorTest" time="0.006"/>
  <testcase name="test_translatePatterns" classname="com.kazurayam.ks.testobject.ObjectRepositoryDecoratorTest" time="0.003"/>
  <system-out><![CDATA[locatorIndex.sie()=1
]]></system-out>
  <system-err><![CDATA[]]></system-err>
</testsuite>
