<?xml version="1.0" encoding="UTF-8"?>
<testsuite name="com.kazurayam.ks.testobject.LocatorIndexTest" tests="2" skipped="0" failures="0" errors="0" timestamp="2025-04-14T10:12:16" hostname="KAZUAKInoMacBook-Air-2.local" time="0.895">
  <properties/>
  <testcase name="test_size" classname="com.kazurayam.ks.testobject.LocatorIndexTest" time="0.796"/>
  <testcase name="test_toJson" classname="com.kazurayam.ks.testobject.LocatorIndexTest" time="0.099"/>
  <system-out><![CDATA[]]></system-out>
  <system-err><![CDATA[]]></system-err>
</testsuite>
