<?xml version="1.0" encoding="UTF-8"?>
<testsuite name="com.kazurayam.ks.testobject.gc.GarbagesTest" tests="3" skipped="0" failures="0" errors="0" timestamp="2025-04-14T10:12:18" hostname="KAZUAKInoMacBook-Air-2.local" time="0.019">
  <properties/>
  <testcase name="test_size" classname="com.kazurayam.ks.testobject.gc.GarbagesTest" time="0.007"/>
  <testcase name="test_getAll" classname="com.kazurayam.ks.testobject.gc.GarbagesTest" time="0.001"/>
  <testcase name="test_toJson" classname="com.kazurayam.ks.testobject.gc.GarbagesTest" time="0.01"/>
  <system-out><![CDATA[]]></system-out>
  <system-err><![CDATA[]]></system-err>
</testsuite>
