<?xml version="1.0" encoding="UTF-8"?>
<testsuite name="com.kazurayam.ks.testcase.DigestedTextTest" tests="2" skipped="0" failures="0" errors="0" timestamp="2025-04-12T23:15:19" hostname="KAZUAKInoMacBook-Air-2.local" time="0.024">
  <properties/>
  <testcase name="test_size" classname="com.kazurayam.ks.testcase.DigestedTextTest" time="0.011"/>
  <testcase name="test_toJson" classname="com.kazurayam.ks.testcase.DigestedTextTest" time="0.013"/>
  <system-out><![CDATA[]]></system-out>
  <system-err><![CDATA[]]></system-err>
</testsuite>
