<?xml version="1.0" encoding="UTF-8"?>
<testsuite name="com.kazurayam.ks.testobject.gc.ForwardReferenceTest" tests="5" skipped="0" failures="0" errors="0" timestamp="2025-04-12T23:15:20" hostname="KAZUAKInoMacBook-Air-2.local" time="0.025">
  <properties/>
  <testcase name="test_digestedLine" classname="com.kazurayam.ks.testobject.gc.ForwardReferenceTest" time="0.001"/>
  <testcase name="test_testCaseId" classname="com.kazurayam.ks.testobject.gc.ForwardReferenceTest" time="0.0"/>
  <testcase name="test_testObjectEssence" classname="com.kazurayam.ks.testobject.gc.ForwardReferenceTest" time="0.0"/>
  <testcase name="test_toJson" classname="com.kazurayam.ks.testobject.gc.ForwardReferenceTest" time="0.016"/>
  <testcase name="test_toString" classname="com.kazurayam.ks.testobject.gc.ForwardReferenceTest" time="0.007"/>
  <system-out><![CDATA[]]></system-out>
  <system-err><![CDATA[]]></system-err>
</testsuite>
