<?xml version="1.0" encoding="UTF-8"?>
<testsuite name="com.kazurayam.ks.testobject.gc.DatabaseTest" tests="11" skipped="0" failures="0" errors="0" timestamp="2025-04-14T10:12:18" hostname="KAZUAKInoMacBook-Air-2.local" time="0.092">
  <properties/>
  <testcase name="test_findForwardReferencesTo" classname="com.kazurayam.ks.testobject.gc.DatabaseTest" time="0.034"/>
  <testcase name="test_containsTestCaseId" classname="com.kazurayam.ks.testobject.gc.DatabaseTest" time="0.01"/>
  <testcase name="test_size" classname="com.kazurayam.ks.testobject.gc.DatabaseTest" time="0.001"/>
  <testcase name="test_get" classname="com.kazurayam.ks.testobject.gc.DatabaseTest" time="0.002"/>
  <testcase name="test_containsTestObjectId" classname="com.kazurayam.ks.testobject.gc.DatabaseTest" time="0.003"/>
  <testcase name="test_getAll" classname="com.kazurayam.ks.testobject.gc.DatabaseTest" time="0.001"/>
  <testcase name="test_getAllTestObjectIdsContained" classname="com.kazurayam.ks.testobject.gc.DatabaseTest" time="0.006"/>
  <testcase name="test_toJson" classname="com.kazurayam.ks.testobject.gc.DatabaseTest" time="0.019"/>
  <testcase name="test_getAllTestCaseIdsContaind" classname="com.kazurayam.ks.testobject.gc.DatabaseTest" time="0.003"/>
  <testcase name="test_findForwardReferencesFrom" classname="com.kazurayam.ks.testobject.gc.DatabaseTest" time="0.004"/>
  <testcase name="test_toString" classname="com.kazurayam.ks.testobject.gc.DatabaseTest" time="0.008"/>
  <system-out><![CDATA[]]></system-out>
  <system-err><![CDATA[]]></system-err>
</testsuite>
