<?xml version="1.0" encoding="UTF-8"?>
<testsuite name="com.kazurayam.ks.testobject.gc.ForwardReferenceTest" tests="5" skipped="0" failures="0" errors="0" timestamp="2025-04-14T10:12:18" hostname="KAZUAKInoMacBook-Air-2.local" time="0.015">
  <properties/>
  <testcase name="test_digestedLine" classname="com.kazurayam.ks.testobject.gc.ForwardReferenceTest" time="0.0"/>
  <testcase name="test_testCaseId" classname="com.kazurayam.ks.testobject.gc.ForwardReferenceTest" time="0.001"/>
  <testcase name="test_testObjectEssence" classname="com.kazurayam.ks.testobject.gc.ForwardReferenceTest" time="0.0"/>
  <testcase name="test_toJson" classname="com.kazurayam.ks.testobject.gc.ForwardReferenceTest" time="0.005"/>
  <testcase name="test_toString" classname="com.kazurayam.ks.testobject.gc.ForwardReferenceTest" time="0.008"/>
  <system-out><![CDATA[]]></system-out>
  <system-err><![CDATA[]]></system-err>
</testsuite>
