<?xml version="1.0" encoding="UTF-8"?>
<testsuite name="com.kazurayam.ks.testobject.RegexOptedTextMateherTest" tests="3" skipped="0" failures="0" errors="0" timestamp="2025-04-14T10:12:18" hostname="KAZUAKInoMacBook-Air-2.local" time="0.004">
  <properties/>
  <testcase name="test_isNotRegex" classname="com.kazurayam.ks.testobject.RegexOptedTextMateherTest" time="0.003"/>
  <testcase name="test_default" classname="com.kazurayam.ks.testobject.RegexOptedTextMateherTest" time="0.001"/>
  <testcase name="test_isRegex" classname="com.kazurayam.ks.testobject.RegexOptedTextMateherTest" time="0.0"/>
  <system-out><![CDATA[]]></system-out>
  <system-err><![CDATA[]]></system-err>
</testsuite>
